# JRE version: Java(TM) SE Runtime Environment (8.0_65-b17) (build 1.8.0_65-b17)
# Java VM: Java HotSpot(TM) 64-Bit Server VM (25.65-b01 mixed mode windows-amd64 compressed oops)
Heap:
 PSYoungGen      total 330752K, used 261266K [0x00000000eab00000, 0x0000000100000000, 0x0000000100000000)
  eden space 315904K, 78% used [0x00000000eab00000,0x00000000f9bc6f88,0x00000000fdf80000)
  from space 14848K, 99% used [0x00000000fdf80000,0x00000000feddd950,0x00000000fee00000)
  to   space 17920K, 0% used [0x00000000fee80000,0x00000000fee80000,0x0000000100000000)
 ParOldGen       total 87040K, used 45258K [0x00000000c0000000, 0x00000000c5500000, 0x00000000eab00000)
  object space 87040K, 51% used [0x00000000c0000000,0x00000000c2c329e0,0x00000000c5500000)
 Metaspace       used 58188K, capacity 61542K, committed 61696K, reserved 1101824K
  class space    used 7729K, capacity 8376K, committed 8448K, reserved 1048576K
GC Heap History (10 events):
Event: 30484.205 GC heap before
{Heap before GC invocations=18 (full 4):
 PSYoungGen      total 279040K, used 4433K [0x00000000eab00000, 0x00000000fcc80000, 0x0000000100000000)
  eden space 262656K, 0% used [0x00000000eab00000,0x00000000eab00000,0x00000000fab80000)
  from space 16384K, 27% used [0x00000000fbc80000,0x00000000fc0d47f8,0x00000000fcc80000)
  to   space 16896K, 0% used [0x00000000fab80000,0x00000000fab80000,0x00000000fbc00000)
 ParOldGen       total 87040K, used 41172K [0x00000000c0000000, 0x00000000c5500000, 0x00000000eab00000)
  object space 87040K, 47% used [0x00000000c0000000,0x00000000c28351e8,0x00000000c5500000)
 Metaspace       used 46487K, capacity 48746K, committed 49024K, reserved 1091584K
  class space    used 6378K, capacity 6921K, committed 7040K, reserved 1048576K
Event: 30484.466 GC heap after
Heap after GC invocations=18 (full 4):
 PSYoungGen      total 279040K, used 0K [0x00000000eab00000, 0x00000000fcc80000, 0x0000000100000000)
  eden space 262656K, 0% used [0x00000000eab00000,0x00000000eab00000,0x00000000fab80000)
  from space 16384K, 0% used [0x00000000fbc80000,0x00000000fbc80000,0x00000000fcc80000)
  to   space 16896K, 0% used [0x00000000fab80000,0x00000000fab80000,0x00000000fbc00000)
 ParOldGen       total 87040K, used 36195K [0x00000000c0000000, 0x00000000c5500000, 0x00000000eab00000)
  object space 87040K, 41% used [0x00000000c0000000,0x00000000c2358dd0,0x00000000c5500000)
 Metaspace       used 45659K, capacity 47638K, committed 49024K, reserved 1091584K
  class space    used 6225K, capacity 6683K, committed 7040K, reserved 1048576K
}
Event: 31156.690 GC heap before
{Heap before GC invocations=19 (full 4):
 PSYoungGen      total 279040K, used 262656K [0x00000000eab00000, 0x00000000fcc80000, 0x0000000100000000)
  eden space 262656K, 100% used [0x00000000eab00000,0x00000000fab80000,0x00000000fab80000)
  from space 16384K, 0% used [0x00000000fbc80000,0x00000000fbc80000,0x00000000fcc80000)
  to   space 16896K, 0% used [0x00000000fab80000,0x00000000fab80000,0x00000000fbc00000)
 ParOldGen       total 87040K, used 36195K [0x00000000c0000000, 0x00000000c5500000, 0x00000000eab00000)
  object space 87040K, 41% used [0x00000000c0000000,0x00000000c2358dd0,0x00000000c5500000)
 Metaspace       used 48528K, capacity 50860K, committed 51200K, reserved 1093632K
  class space    used 6585K, capacity 7099K, committed 7168K, reserved 1048576K
Event: 31156.704 GC heap after
Heap after GC invocations=19 (full 4):
 PSYoungGen      total 279552K, used 8399K [0x00000000eab00000, 0x00000000fff80000, 0x0000000100000000)
  eden space 262656K, 0% used [0x00000000eab00000,0x00000000eab00000,0x00000000fab80000)
  from space 16896K, 49% used [0x00000000fab80000,0x00000000fb3b3d00,0x00000000fbc00000)
  to   space 16384K, 0% used [0x00000000fef80000,0x00000000fef80000,0x00000000fff80000)
 ParOldGen       total 87040K, used 36203K [0x00000000c0000000, 0x00000000c5500000, 0x00000000eab00000)
  object space 87040K, 41% used [0x00000000c0000000,0x00000000c235add0,0x00000000c5500000)
 Metaspace       used 48528K, capacity 50860K, committed 51200K, reserved 1093632K
  class space    used 6585K, capacity 7099K, committed 7168K, reserved 1048576K
}
Event: 31161.113 GC heap before
{Heap before GC invocations=20 (full 4):
 PSYoungGen      total 279552K, used 125756K [0x00000000eab00000, 0x00000000fff80000, 0x0000000100000000)
  eden space 262656K, 44% used [0x00000000eab00000,0x00000000f1d9b638,0x00000000fab80000)
  from space 16896K, 49% used [0x00000000fab80000,0x00000000fb3b3d00,0x00000000fbc00000)
  to   space 16384K, 0% used [0x00000000fef80000,0x00000000fef80000,0x00000000fff80000)
 ParOldGen       total 87040K, used 36203K [0x00000000c0000000, 0x00000000c5500000, 0x00000000eab00000)
  object space 87040K, 41% used [0x00000000c0000000,0x00000000c235add0,0x00000000c5500000)
 Metaspace       used 55668K, capacity 58160K, committed 58496K, reserved 1099776K
  class space    used 7451K, capacity 7973K, committed 8064K, reserved 1048576K
Event: 31161.124 GC heap after
Heap after GC invocations=20 (full 4):
 PSYoungGen      total 331264K, used 8241K [0x00000000eab00000, 0x00000000ffe80000, 0x0000000100000000)
  eden space 315904K, 0% used [0x00000000eab00000,0x00000000eab00000,0x00000000fdf80000)
  from space 15360K, 53% used [0x00000000fef80000,0x00000000ff78c478,0x00000000ffe80000)
  to   space 15872K, 0% used [0x00000000fdf80000,0x00000000fdf80000,0x00000000fef00000)
 ParOldGen       total 87040K, used 38473K [0x00000000c0000000, 0x00000000c5500000, 0x00000000eab00000)
  object space 87040K, 44% used [0x00000000c0000000,0x00000000c2592748,0x00000000c5500000)
 Metaspace       used 55668K, capacity 58160K, committed 58496K, reserved 1099776K
  class space    used 7451K, capacity 7973K, committed 8064K, reserved 1048576K
}
Event: 31161.124 GC heap before
{Heap before GC invocations=21 (full 5):
 PSYoungGen      total 331264K, used 8241K [0x00000000eab00000, 0x00000000ffe80000, 0x0000000100000000)
  eden space 315904K, 0% used [0x00000000eab00000,0x00000000eab00000,0x00000000fdf80000)
  from space 15360K, 53% used [0x00000000fef80000,0x00000000ff78c478,0x00000000ffe80000)
  to   space 15872K, 0% used [0x00000000fdf80000,0x00000000fdf80000,0x00000000fef00000)
 ParOldGen       total 87040K, used 38473K [0x00000000c0000000, 0x00000000c5500000, 0x00000000eab00000)
  object space 87040K, 44% used [0x00000000c0000000,0x00000000c2592748,0x00000000c5500000)
 Metaspace       used 55668K, capacity 58160K, committed 58496K, reserved 1099776K
  class space    used 7451K, capacity 7973K, committed 8064K, reserved 1048576K
Event: 31161.563 GC heap after
Heap after GC invocations=21 (full 5):
 PSYoungGen      total 331264K, used 0K [0x00000000eab00000, 0x00000000ffe80000, 0x0000000100000000)
  eden space 315904K, 0% used [0x00000000eab00000,0x00000000eab00000,0x00000000fdf80000)
  from space 15360K, 0% used [0x00000000fef80000,0x00000000fef80000,0x00000000ffe80000)
  to   space 15872K, 0% used [0x00000000fdf80000,0x00000000fdf80000,0x00000000fef00000)
 ParOldGen       total 87040K, used 45250K [0x00000000c0000000, 0x00000000c5500000, 0x00000000eab00000)
  object space 87040K, 51% used [0x00000000c0000000,0x00000000c2c309e0,0x00000000c5500000)
 Metaspace       used 55630K, capacity 58116K, committed 58496K, reserved 1099776K
  class space    used 7439K, capacity 7961K, committed 8064K, reserved 1048576K
}
Event: 31249.027 GC heap before
{Heap before GC invocations=22 (full 5):
 PSYoungGen      total 331264K, used 315904K [0x00000000eab00000, 0x00000000ffe80000, 0x0000000100000000)
  eden space 315904K, 100% used [0x00000000eab00000,0x00000000fdf80000,0x00000000fdf80000)
  from space 15360K, 0% used [0x00000000fef80000,0x00000000fef80000,0x00000000ffe80000)
  to   space 15872K, 0% used [0x00000000fdf80000,0x00000000fdf80000,0x00000000fef00000)
 ParOldGen       total 87040K, used 45250K [0x00000000c0000000, 0x00000000c5500000, 0x00000000eab00000)
  object space 87040K, 51% used [0x00000000c0000000,0x00000000c2c309e0,0x00000000c5500000)
 Metaspace       used 57224K, capacity 60056K, committed 60288K, reserved 1101824K
  class space    used 7644K, capacity 8241K, committed 8320K, reserved 1048576K
Event: 31249.052 GC heap after
Heap after GC invocations=22 (full 5):
 PSYoungGen      total 330752K, used 14710K [0x00000000eab00000, 0x0000000100000000, 0x0000000100000000)
  eden space 315904K, 0% used [0x00000000eab00000,0x00000000eab00000,0x00000000fdf80000)
  from space 14848K, 99% used [0x00000000fdf80000,0x00000000feddd950,0x00000000fee00000)
  to   space 17920K, 0% used [0x00000000fee80000,0x00000000fee80000,0x0000000100000000)
 ParOldGen       total 87040K, used 45258K [0x00000000c0000000, 0x00000000c5500000, 0x00000000eab00000)
  object space 87040K, 51% used [0x00000000c0000000,0x00000000c2c329e0,0x00000000c5500000)
 Metaspace       used 57224K, capacity 60056K, committed 60288K, reserved 1101824K
  class space    used 7644K, capacity 8241K, committed 8320K, reserved 1048576K
}

